<?xml version="1.0" encoding="UTF-8"?>
<testsuite name="com.bridgelabz.PrintArrayTest" tests="1" skipped="0" failures="0" errors="0" timestamp="2019-11-28T19:48:08" hostname="admin141-desktop" time="0.001">
  <properties/>
  <testcase name="givenMethodShouldReturn_MaxNumber_ForCharachter" classname="com.bridgelabz.PrintArrayTest" time="0.001"/>
  <system-out><![CDATA[]]></system-out>
  <system-err><![CDATA[]]></system-err>
</testsuite>
